# JRE version: OpenJDK Runtime Environment (8.0_362-b08) (build 1.8.0_362-b08)
# Java VM: OpenJDK 64-Bit Server VM (25.362-b08 mixed mode windows-amd64 compressed oops)
Heap:
 PSYoungGen      total 52736K, used 15581K [0x00000000d5580000, 0x00000000d9100000, 0x0000000100000000)
  eden space 48640K, 23% used [0x00000000d5580000,0x00000000d60b9640,0x00000000d8500000)
  from space 4096K, 99% used [0x00000000d8a80000,0x00000000d8e7e140,0x00000000d8e80000)
  to   space 5632K, 0% used [0x00000000d8500000,0x00000000d8500000,0x00000000d8a80000)
 ParOldGen       total 25088K, used 12824K [0x0000000080000000, 0x0000000081880000, 0x00000000d5580000)
  object space 25088K, 51% used [0x0000000080000000,0x0000000080c860d0,0x0000000081880000)
 Metaspace       used 32771K, capacity 34348K, committed 34688K, reserved 1079296K
  class space    used 4799K, capacity 5161K, committed 5248K, reserved 1048576K
GC Heap History (10 events):
Event: 45.832 GC heap before
{Heap before GC invocations=19 (full 1):
 PSYoungGen      total 31232K, used 1483K [0x00000000d5580000, 0x00000000d7800000, 0x0000000100000000)
  eden space 28160K, 0% used [0x00000000d5580000,0x00000000d5580000,0x00000000d7100000)
  from space 3072K, 48% used [0x00000000d7500000,0x00000000d7672ea8,0x00000000d7800000)
  to   space 3584K, 0% used [0x00000000d7100000,0x00000000d7100000,0x00000000d7480000)
 ParOldGen       total 32768K, used 10370K [0x0000000080000000, 0x0000000082000000, 0x00000000d5580000)
  object space 32768K, 31% used [0x0000000080000000,0x0000000080a20928,0x0000000082000000)
 Metaspace       used 20544K, capacity 21240K, committed 21296K, reserved 1067008K
  class space    used 3004K, capacity 3186K, committed 3200K, reserved 1048576K
Event: 45.952 GC heap after
Heap after GC invocations=19 (full 1):
 PSYoungGen      total 31232K, used 0K [0x00000000d5580000, 0x00000000d7800000, 0x0000000100000000)
  eden space 28160K, 0% used [0x00000000d5580000,0x00000000d5580000,0x00000000d7100000)
  from space 3072K, 0% used [0x00000000d7500000,0x00000000d7500000,0x00000000d7800000)
  to   space 3584K, 0% used [0x00000000d7100000,0x00000000d7100000,0x00000000d7480000)
 ParOldGen       total 25088K, used 8481K [0x0000000080000000, 0x0000000081880000, 0x00000000d5580000)
  object space 25088K, 33% used [0x0000000080000000,0x00000000808484c8,0x0000000081880000)
 Metaspace       used 20544K, capacity 21240K, committed 21296K, reserved 1067008K
  class space    used 3004K, capacity 3186K, committed 3200K, reserved 1048576K
}
Event: 49.352 GC heap before
{Heap before GC invocations=20 (full 1):
 PSYoungGen      total 31232K, used 28160K [0x00000000d5580000, 0x00000000d7800000, 0x0000000100000000)
  eden space 28160K, 100% used [0x00000000d5580000,0x00000000d7100000,0x00000000d7100000)
  from space 3072K, 0% used [0x00000000d7500000,0x00000000d7500000,0x00000000d7800000)
  to   space 3584K, 0% used [0x00000000d7100000,0x00000000d7100000,0x00000000d7480000)
 ParOldGen       total 25088K, used 8481K [0x0000000080000000, 0x0000000081880000, 0x00000000d5580000)
  object space 25088K, 33% used [0x0000000080000000,0x00000000808484c8,0x0000000081880000)
 Metaspace       used 22850K, capacity 24052K, committed 24320K, reserved 1069056K
  class space    used 3430K, capacity 3724K, committed 3840K, reserved 1048576K
Event: 49.362 GC heap after
Heap after GC invocations=20 (full 1):
 PSYoungGen      total 31744K, used 2999K [0x00000000d5580000, 0x00000000d8200000, 0x0000000100000000)
  eden space 28160K, 0% used [0x00000000d5580000,0x00000000d5580000,0x00000000d7100000)
  from space 3584K, 83% used [0x00000000d7100000,0x00000000d73edfc8,0x00000000d7480000)
  to   space 4096K, 0% used [0x00000000d7e00000,0x00000000d7e00000,0x00000000d8200000)
 ParOldGen       total 25088K, used 8489K [0x0000000080000000, 0x0000000081880000, 0x00000000d5580000)
  object space 25088K, 33% used [0x0000000080000000,0x000000008084a4c8,0x0000000081880000)
 Metaspace       used 22850K, capacity 24052K, committed 24320K, reserved 1069056K
  class space    used 3430K, capacity 3724K, committed 3840K, reserved 1048576K
}
Event: 50.017 GC heap before
{Heap before GC invocations=21 (full 1):
 PSYoungGen      total 31744K, used 31159K [0x00000000d5580000, 0x00000000d8200000, 0x0000000100000000)
  eden space 28160K, 100% used [0x00000000d5580000,0x00000000d7100000,0x00000000d7100000)
  from space 3584K, 83% used [0x00000000d7100000,0x00000000d73edfc8,0x00000000d7480000)
  to   space 4096K, 0% used [0x00000000d7e00000,0x00000000d7e00000,0x00000000d8200000)
 ParOldGen       total 25088K, used 8489K [0x0000000080000000, 0x0000000081880000, 0x00000000d5580000)
  object space 25088K, 33% used [0x0000000080000000,0x000000008084a4c8,0x0000000081880000)
 Metaspace       used 24228K, capacity 25576K, committed 25728K, reserved 1071104K
  class space    used 3637K, capacity 3936K, committed 3968K, reserved 1048576K
Event: 50.030 GC heap after
Heap after GC invocations=21 (full 1):
 PSYoungGen      total 41472K, used 1776K [0x00000000d5580000, 0x00000000d8280000, 0x0000000100000000)
  eden space 37376K, 0% used [0x00000000d5580000,0x00000000d5580000,0x00000000d7a00000)
  from space 4096K, 43% used [0x00000000d7e00000,0x00000000d7fbc128,0x00000000d8200000)
  to   space 4096K, 0% used [0x00000000d7a00000,0x00000000d7a00000,0x00000000d7e00000)
 ParOldGen       total 25088K, used 9861K [0x0000000080000000, 0x0000000081880000, 0x00000000d5580000)
  object space 25088K, 39% used [0x0000000080000000,0x00000000809a1528,0x0000000081880000)
 Metaspace       used 24228K, capacity 25576K, committed 25728K, reserved 1071104K
  class space    used 3637K, capacity 3936K, committed 3968K, reserved 1048576K
}
Event: 51.480 GC heap before
{Heap before GC invocations=22 (full 1):
 PSYoungGen      total 41472K, used 39152K [0x00000000d5580000, 0x00000000d8280000, 0x0000000100000000)
  eden space 37376K, 100% used [0x00000000d5580000,0x00000000d7a00000,0x00000000d7a00000)
  from space 4096K, 43% used [0x00000000d7e00000,0x00000000d7fbc128,0x00000000d8200000)
  to   space 4096K, 0% used [0x00000000d7a00000,0x00000000d7a00000,0x00000000d7e00000)
 ParOldGen       total 25088K, used 9861K [0x0000000080000000, 0x0000000081880000, 0x00000000d5580000)
  object space 25088K, 39% used [0x0000000080000000,0x00000000809a1528,0x0000000081880000)
 Metaspace       used 26441K, capacity 27854K, committed 27904K, reserved 1073152K
  class space    used 3998K, capacity 4343K, committed 4352K, reserved 1048576K
Event: 51.490 GC heap after
Heap after GC invocations=22 (full 1):
 PSYoungGen      total 41472K, used 2927K [0x00000000d5580000, 0x00000000d8e80000, 0x0000000100000000)
  eden space 37376K, 0% used [0x00000000d5580000,0x00000000d5580000,0x00000000d7a00000)
  from space 4096K, 71% used [0x00000000d7a00000,0x00000000d7cdbfb8,0x00000000d7e00000)
  to   space 4096K, 0% used [0x00000000d8a80000,0x00000000d8a80000,0x00000000d8e80000)
 ParOldGen       total 25088K, used 10221K [0x0000000080000000, 0x0000000081880000, 0x00000000d5580000)
  object space 25088K, 40% used [0x0000000080000000,0x00000000809fb528,0x0000000081880000)
 Metaspace       used 26441K, capacity 27854K, committed 27904K, reserved 1073152K
  class space    used 3998K, capacity 4343K, committed 4352K, reserved 1048576K
}
Event: 54.165 GC heap before
{Heap before GC invocations=23 (full 1):
 PSYoungGen      total 41472K, used 40303K [0x00000000d5580000, 0x00000000d8e80000, 0x0000000100000000)
  eden space 37376K, 100% used [0x00000000d5580000,0x00000000d7a00000,0x00000000d7a00000)
  from space 4096K, 71% used [0x00000000d7a00000,0x00000000d7cdbfb8,0x00000000d7e00000)
  to   space 4096K, 0% used [0x00000000d8a80000,0x00000000d8a80000,0x00000000d8e80000)
 ParOldGen       total 25088K, used 10221K [0x0000000080000000, 0x0000000081880000, 0x00000000d5580000)
  object space 25088K, 40% used [0x0000000080000000,0x00000000809fb528,0x0000000081880000)
 Metaspace       used 32299K, capacity 33894K, committed 34048K, reserved 1079296K
  class space    used 4744K, capacity 5096K, committed 5120K, reserved 1048576K
Event: 54.186 GC heap after
Heap after GC invocations=23 (full 1):
 PSYoungGen      total 52736K, used 4088K [0x00000000d5580000, 0x00000000d9100000, 0x0000000100000000)
  eden space 48640K, 0% used [0x00000000d5580000,0x00000000d5580000,0x00000000d8500000)
  from space 4096K, 99% used [0x00000000d8a80000,0x00000000d8e7e140,0x00000000d8e80000)
  to   space 5632K, 0% used [0x00000000d8500000,0x00000000d8500000,0x00000000d8a80000)
 ParOldGen       total 25088K, used 12824K [0x0000000080000000, 0x0000000081880000, 0x00000000d5580000)
  object space 25088K, 51% used [0x0000000080000000,0x0000000080c860d0,0x0000000081880000)
 Metaspace       used 32299K, capacity 33894K, committed 34048K, reserved 1079296K
  class space    used 4744K, capacity 5096K, committed 5120K, reserved 1048576K
}

